<?xml version="1.0" encoding="UTF-8"?>
<!-- Generated by org.testng.reporters.JUnitReportReporter -->
<testsuite skipped="0" hostname="TAMILGRAJ" name="org.test.adactin.Adactinhotel" tests="1" failures="0" timestamp="20 Apr 2021 05:04:37 GMT" time="1.605" errors="0">
  <testcase name="login" time="1.605" classname="org.test.adactin.Adactinhotel"/>
</testsuite> <!-- org.test.adactin.Adactinhotel -->
