<?xml version="1.0" encoding="UTF-8"?>
<!-- Generated by org.testng.reporters.JUnitReportReporter -->
<testsuite skipped="0" hostname="TAMILGRAJ" name="org.test.adactin.Automation" tests="1" failures="0" timestamp="20 Apr 2021 10:59:08 GMT" time="3.687" errors="0">
  <testcase name="insertValues" time="3.687" classname="org.test.adactin.Automation"/>
</testsuite> <!-- org.test.adactin.Automation -->
